<?xml version="1.0" encoding="UTF-8"?>
<testsuite xmlns:xsi="http://www.w3.org/2001/XMLSchema-instance" xsi:noNamespaceSchemaLocation="https://maven.apache.org/surefire/maven-surefire-plugin/xsd/surefire-test-report-3.0.xsd" version="3.0" name="Error.Console_log.ConsolelTest" time="58.529" tests="7" errors="0" skipped="0" failures="6">
  <properties>
    <property name="java.specification.version" value="17"/>
    <property name="sun.jnu.encoding" value="UTF-8"/>
    <property name="java.class.path" value="/home/nathan/Desktop/automationtask/Console_log/target/test-classes:/home/nathan/Desktop/automationtask/Console_log/target/classes:/home/nathan/.m2/repository/junit/junit/4.11/junit-4.11.jar:/home/nathan/.m2/repository/org/hamcrest/hamcrest-core/1.3/hamcrest-core-1.3.jar:/home/nathan/.m2/repository/org/testng/testng/7.4.0/testng-7.4.0.jar:/home/nathan/.m2/repository/com/beust/jcommander/1.78/jcommander-1.78.jar:/home/nathan/.m2/repository/org/webjars/jquery/3.5.1/jquery-3.5.1.jar:/home/nathan/.m2/repository/io/github/bonigarcia/webdrivermanager/4.4.3/webdrivermanager-4.4.3.jar:/home/nathan/.m2/repository/org/slf4j/slf4j-api/1.7.30/slf4j-api-1.7.30.jar:/home/nathan/.m2/repository/commons-io/commons-io/2.8.0/commons-io-2.8.0.jar:/home/nathan/.m2/repository/com/google/code/gson/gson/2.8.6/gson-2.8.6.jar:/home/nathan/.m2/repository/org/apache/commons/commons-lang3/3.12.0/commons-lang3-3.12.0.jar:/home/nathan/.m2/repository/org/apache/httpcomponents/client5/httpclient5/5.0.3/httpclient5-5.0.3.jar:/home/nathan/.m2/repository/org/apache/httpcomponents/core5/httpcore5/5.0.2/httpcore5-5.0.2.jar:/home/nathan/.m2/repository/org/apache/httpcomponents/core5/httpcore5-h2/5.0.2/httpcore5-h2-5.0.2.jar:/home/nathan/.m2/repository/commons-codec/commons-codec/1.13/commons-codec-1.13.jar:/home/nathan/.m2/repository/org/rauschig/jarchivelib/1.1.0/jarchivelib-1.1.0.jar:/home/nathan/.m2/repository/org/apache/commons/commons-compress/1.20/commons-compress-1.20.jar:/home/nathan/.m2/repository/org/jsoup/jsoup/1.13.1/jsoup-1.13.1.jar:/home/nathan/.m2/repository/org/seleniumhq/selenium/selenium-java/3.141.59/selenium-java-3.141.59.jar:/home/nathan/.m2/repository/org/seleniumhq/selenium/selenium-api/3.141.59/selenium-api-3.141.59.jar:/home/nathan/.m2/repository/org/seleniumhq/selenium/selenium-edge-driver/3.141.59/selenium-edge-driver-3.141.59.jar:/home/nathan/.m2/repository/org/seleniumhq/selenium/selenium-firefox-driver/3.141.59/selenium-firefox-driver-3.141.59.jar:/home/nathan/.m2/repository/org/seleniumhq/selenium/selenium-ie-driver/3.141.59/selenium-ie-driver-3.141.59.jar:/home/nathan/.m2/repository/org/seleniumhq/selenium/selenium-opera-driver/3.141.59/selenium-opera-driver-3.141.59.jar:/home/nathan/.m2/repository/org/seleniumhq/selenium/selenium-remote-driver/3.141.59/selenium-remote-driver-3.141.59.jar:/home/nathan/.m2/repository/org/seleniumhq/selenium/selenium-safari-driver/3.141.59/selenium-safari-driver-3.141.59.jar:/home/nathan/.m2/repository/org/seleniumhq/selenium/selenium-support/3.141.59/selenium-support-3.141.59.jar:/home/nathan/.m2/repository/net/bytebuddy/byte-buddy/1.8.15/byte-buddy-1.8.15.jar:/home/nathan/.m2/repository/org/apache/commons/commons-exec/1.3/commons-exec-1.3.jar:/home/nathan/.m2/repository/com/google/guava/guava/25.0-jre/guava-25.0-jre.jar:/home/nathan/.m2/repository/com/google/code/findbugs/jsr305/1.3.9/jsr305-1.3.9.jar:/home/nathan/.m2/repository/org/checkerframework/checker-compat-qual/2.0.0/checker-compat-qual-2.0.0.jar:/home/nathan/.m2/repository/com/google/errorprone/error_prone_annotations/2.1.3/error_prone_annotations-2.1.3.jar:/home/nathan/.m2/repository/com/google/j2objc/j2objc-annotations/1.1/j2objc-annotations-1.1.jar:/home/nathan/.m2/repository/org/codehaus/mojo/animal-sniffer-annotations/1.14/animal-sniffer-annotations-1.14.jar:/home/nathan/.m2/repository/com/squareup/okhttp3/okhttp/3.11.0/okhttp-3.11.0.jar:/home/nathan/.m2/repository/com/squareup/okio/okio/1.14.0/okio-1.14.0.jar:/home/nathan/.m2/repository/org/seleniumhq/selenium/selenium-chrome-driver/3.141.59/selenium-chrome-driver-3.141.59.jar:/home/nathan/.m2/repository/com/github/stephenc/monte/monte-screen-recorder/0.7.7.0/monte-screen-recorder-0.7.7.0.jar:"/>
    <property name="java.vm.vendor" value="Eclipse Adoptium"/>
    <property name="sun.arch.data.model" value="64"/>
    <property name="java.vendor.url" value="https://adoptium.net/"/>
    <property name="user.timezone" value="Asia/Kolkata"/>
    <property name="os.name" value="Linux"/>
    <property name="java.vm.specification.version" value="17"/>
    <property name="sun.java.launcher" value="SUN_STANDARD"/>
    <property name="user.country" value="IN"/>
    <property name="sun.boot.library.path" value="/home/nathan/.p2/pool/plugins/org.eclipse.justj.openjdk.hotspot.jre.full.linux.x86_64_17.0.7.v20230425-1502/jre/lib"/>
    <property name="sun.java.command" value="/home/nathan/Desktop/automationtask/Console_log/target/surefire/surefirebooter9302230477750844454.jar /home/nathan/Desktop/automationtask/Console_log/target/surefire 2023-10-03T15-32-30_110-jvmRun1 surefire5536789815763042005tmp surefire_015262356641125695200tmp"/>
    <property name="jdk.debug" value="release"/>
    <property name="surefire.test.class.path" value="/home/nathan/Desktop/automationtask/Console_log/target/test-classes:/home/nathan/Desktop/automationtask/Console_log/target/classes:/home/nathan/.m2/repository/junit/junit/4.11/junit-4.11.jar:/home/nathan/.m2/repository/org/hamcrest/hamcrest-core/1.3/hamcrest-core-1.3.jar:/home/nathan/.m2/repository/org/testng/testng/7.4.0/testng-7.4.0.jar:/home/nathan/.m2/repository/com/beust/jcommander/1.78/jcommander-1.78.jar:/home/nathan/.m2/repository/org/webjars/jquery/3.5.1/jquery-3.5.1.jar:/home/nathan/.m2/repository/io/github/bonigarcia/webdrivermanager/4.4.3/webdrivermanager-4.4.3.jar:/home/nathan/.m2/repository/org/slf4j/slf4j-api/1.7.30/slf4j-api-1.7.30.jar:/home/nathan/.m2/repository/commons-io/commons-io/2.8.0/commons-io-2.8.0.jar:/home/nathan/.m2/repository/com/google/code/gson/gson/2.8.6/gson-2.8.6.jar:/home/nathan/.m2/repository/org/apache/commons/commons-lang3/3.12.0/commons-lang3-3.12.0.jar:/home/nathan/.m2/repository/org/apache/httpcomponents/client5/httpclient5/5.0.3/httpclient5-5.0.3.jar:/home/nathan/.m2/repository/org/apache/httpcomponents/core5/httpcore5/5.0.2/httpcore5-5.0.2.jar:/home/nathan/.m2/repository/org/apache/httpcomponents/core5/httpcore5-h2/5.0.2/httpcore5-h2-5.0.2.jar:/home/nathan/.m2/repository/commons-codec/commons-codec/1.13/commons-codec-1.13.jar:/home/nathan/.m2/repository/org/rauschig/jarchivelib/1.1.0/jarchivelib-1.1.0.jar:/home/nathan/.m2/repository/org/apache/commons/commons-compress/1.20/commons-compress-1.20.jar:/home/nathan/.m2/repository/org/jsoup/jsoup/1.13.1/jsoup-1.13.1.jar:/home/nathan/.m2/repository/org/seleniumhq/selenium/selenium-java/3.141.59/selenium-java-3.141.59.jar:/home/nathan/.m2/repository/org/seleniumhq/selenium/selenium-api/3.141.59/selenium-api-3.141.59.jar:/home/nathan/.m2/repository/org/seleniumhq/selenium/selenium-edge-driver/3.141.59/selenium-edge-driver-3.141.59.jar:/home/nathan/.m2/repository/org/seleniumhq/selenium/selenium-firefox-driver/3.141.59/selenium-firefox-driver-3.141.59.jar:/home/nathan/.m2/repository/org/seleniumhq/selenium/selenium-ie-driver/3.141.59/selenium-ie-driver-3.141.59.jar:/home/nathan/.m2/repository/org/seleniumhq/selenium/selenium-opera-driver/3.141.59/selenium-opera-driver-3.141.59.jar:/home/nathan/.m2/repository/org/seleniumhq/selenium/selenium-remote-driver/3.141.59/selenium-remote-driver-3.141.59.jar:/home/nathan/.m2/repository/org/seleniumhq/selenium/selenium-safari-driver/3.141.59/selenium-safari-driver-3.141.59.jar:/home/nathan/.m2/repository/org/seleniumhq/selenium/selenium-support/3.141.59/selenium-support-3.141.59.jar:/home/nathan/.m2/repository/net/bytebuddy/byte-buddy/1.8.15/byte-buddy-1.8.15.jar:/home/nathan/.m2/repository/org/apache/commons/commons-exec/1.3/commons-exec-1.3.jar:/home/nathan/.m2/repository/com/google/guava/guava/25.0-jre/guava-25.0-jre.jar:/home/nathan/.m2/repository/com/google/code/findbugs/jsr305/1.3.9/jsr305-1.3.9.jar:/home/nathan/.m2/repository/org/checkerframework/checker-compat-qual/2.0.0/checker-compat-qual-2.0.0.jar:/home/nathan/.m2/repository/com/google/errorprone/error_prone_annotations/2.1.3/error_prone_annotations-2.1.3.jar:/home/nathan/.m2/repository/com/google/j2objc/j2objc-annotations/1.1/j2objc-annotations-1.1.jar:/home/nathan/.m2/repository/org/codehaus/mojo/animal-sniffer-annotations/1.14/animal-sniffer-annotations-1.14.jar:/home/nathan/.m2/repository/com/squareup/okhttp3/okhttp/3.11.0/okhttp-3.11.0.jar:/home/nathan/.m2/repository/com/squareup/okio/okio/1.14.0/okio-1.14.0.jar:/home/nathan/.m2/repository/org/seleniumhq/selenium/selenium-chrome-driver/3.141.59/selenium-chrome-driver-3.141.59.jar:/home/nathan/.m2/repository/com/github/stephenc/monte/monte-screen-recorder/0.7.7.0/monte-screen-recorder-0.7.7.0.jar:"/>
    <property name="sun.cpu.endian" value="little"/>
    <property name="user.home" value="/home/nathan"/>
    <property name="user.language" value="en"/>
    <property name="java.specification.vendor" value="Oracle Corporation"/>
    <property name="java.version.date" value="2023-04-18"/>
    <property name="java.home" value="/home/nathan/.p2/pool/plugins/org.eclipse.justj.openjdk.hotspot.jre.full.linux.x86_64_17.0.7.v20230425-1502/jre"/>
    <property name="file.separator" value="/"/>
    <property name="style.color" value="always"/>
    <property name="basedir" value="/home/nathan/Desktop/automationtask/Console_log"/>
    <property name="java.vm.compressedOopsMode" value="Zero based"/>
    <property name="line.separator" value="&#10;"/>
    <property name="java.vm.specification.vendor" value="Oracle Corporation"/>
    <property name="java.specification.name" value="Java Platform API Specification"/>
    <property name="surefire.real.class.path" value="/home/nathan/Desktop/automationtask/Console_log/target/surefire/surefirebooter9302230477750844454.jar"/>
    <property name="sun.management.compiler" value="HotSpot 64-Bit Tiered Compilers"/>
    <property name="java.runtime.version" value="17.0.7+7"/>
    <property name="user.name" value="nathan"/>
    <property name="path.separator" value=":"/>
    <property name="os.version" value="6.2.0-33-generic"/>
    <property name="java.runtime.name" value="OpenJDK Runtime Environment"/>
    <property name="file.encoding" value="UTF-8"/>
    <property name="java.vm.name" value="OpenJDK 64-Bit Server VM"/>
    <property name="java.vendor.version" value="Temurin-17.0.7+7"/>
    <property name="localRepository" value="/home/nathan/.m2/repository"/>
    <property name="java.vendor.url.bug" value="https://github.com/adoptium/adoptium-support/issues"/>
    <property name="java.io.tmpdir" value="/tmp"/>
    <property name="java.version" value="17.0.7"/>
    <property name="user.dir" value="/home/nathan/Desktop/automationtask/Console_log"/>
    <property name="os.arch" value="amd64"/>
    <property name="java.vm.specification.name" value="Java Virtual Machine Specification"/>
    <property name="native.encoding" value="UTF-8"/>
    <property name="java.library.path" value="/usr/java/packages/lib:/usr/lib64:/lib64:/lib:/usr/lib"/>
    <property name="java.vm.info" value="mixed mode"/>
    <property name="java.vendor" value="Eclipse Adoptium"/>
    <property name="java.vm.version" value="17.0.7+7"/>
    <property name="sun.io.unicode.encoding" value="UnicodeLittle"/>
    <property name="java.class.version" value="61.0"/>
  </properties>
  <testcase name="Homepage_Consolelog" classname="Error.Console_log.ConsolelTest" time="1.434">
    <failure message="SEVERE logs were found in the console. expected [0] but found [1]" type="java.lang.AssertionError"><![CDATA[java.lang.AssertionError: SEVERE logs were found in the console. expected [0] but found [1]
	at Error.Console_log.ConsolelTest.Consolelog(ConsolelTest.java:147)
	at Error.Console_log.ConsolelTest.Homepage_Consolelog(ConsolelTest.java:36)
]]></failure>
    <system-out><![CDATA[Homepage consolelog having.....
Number of SEVERE-level logs: 1
Level is : 
SEVERE
Message is : 
https://apollo2.humanbrain.in/public/js/main.js 106:0 Uncaught ReferenceError: Fancybox is not defined
]]></system-out>
    <system-err><![CDATA[Oct 03, 2023 3:32:31 PM org.openqa.selenium.remote.DesiredCapabilities chrome
INFO: Using `new ChromeOptions()` is preferred to `DesiredCapabilities.chrome()`
Oct 03, 2023 3:32:32 PM org.openqa.selenium.remote.ProtocolHandshake createSession
INFO: Detected dialect: W3C
]]></system-err>
  </testcase>
  <testcase name="login_Consolelog" classname="Error.Console_log.ConsolelTest" time="21.687">
    <failure message="SEVERE logs were found in the console. expected [0] but found [6]" type="java.lang.AssertionError"><![CDATA[java.lang.AssertionError: SEVERE logs were found in the console. expected [0] but found [6]
	at Error.Console_log.ConsolelTest.Consolelog(ConsolelTest.java:147)
	at Error.Console_log.ConsolelTest.login_Consolelog(ConsolelTest.java:63)
]]></failure>
    <system-out><![CDATA[Login consolelog having......
Number of SEVERE-level logs: 6
Level is : 
SEVERE
Message is : 
https://apollo2.humanbrain.in/viewer/main-es2015.13ae1a3f2dd7737322b5.js 0 Cross-Origin-Opener-Policy policy would block the window.closed call.
Level is : 
SEVERE
Message is : 
https://apollo2.humanbrain.in/viewer/main-es2015.13ae1a3f2dd7737322b5.js 0 Cross-Origin-Opener-Policy policy would block the window.closed call.
Level is : 
SEVERE
Message is : 
https://humanbrain-annotation.firebaseapp.com/__/auth/handler.js 213 Cross-Origin-Opener-Policy policy would block the window.top call.
Level is : 
SEVERE
Message is : 
https://humanbrain-annotation.firebaseapp.com/__/auth/handler.js 213 Cross-Origin-Opener-Policy policy would block the window.top call.
Level is : 
SEVERE
Message is : 
https://apollo2.humanbrain.in/viewer/main-es2015.13ae1a3f2dd7737322b5.js 0 Cross-Origin-Opener-Policy policy would block the window.closed call.
Level is : 
SEVERE
Message is : 
https://apollo2.humanbrain.in/viewer/main-es2015.13ae1a3f2dd7737322b5.js 0 Cross-Origin-Opener-Policy policy would block the window.closed call.
]]></system-out>
  </testcase>
  <testcase name="serieset_Consolelog" classname="Error.Console_log.ConsolelTest" time="10.114">
    <failure message="SEVERE logs were found in the console. expected [0] but found [1]" type="java.lang.AssertionError"><![CDATA[java.lang.AssertionError: SEVERE logs were found in the console. expected [0] but found [1]
	at Error.Console_log.ConsolelTest.Consolelog(ConsolelTest.java:147)
	at Error.Console_log.ConsolelTest.serieset_Consolelog(ConsolelTest.java:80)
]]></failure>
    <system-out><![CDATA[Seriesset consolelog having .......
Number of SEVERE-level logs: 1
Level is : 
SEVERE
Message is : 
https://apollo2.humanbrain.in/viewer/8-es2015.48fbf7e5f05e04f6b207.js 0:2435379 "No section details got"
]]></system-out>
  </testcase>
  <testcase name="HD_Consolelog" classname="Error.Console_log.ConsolelTest" time="4.926">
    <system-out><![CDATA[HD consolelog haivng......
Number of SEVERE-level logs: 0
]]></system-out>
  </testcase>
  <testcase name="Atlas_Consolelog" classname="Error.Console_log.ConsolelTest" time="4.452">
    <failure message="SEVERE logs were found in the console. expected [0] but found [5]" type="java.lang.AssertionError"><![CDATA[java.lang.AssertionError: SEVERE logs were found in the console. expected [0] but found [5]
	at Error.Console_log.ConsolelTest.Consolelog(ConsolelTest.java:147)
	at Error.Console_log.ConsolelTest.Atlas_Consolelog(ConsolelTest.java:102)
]]></failure>
    <system-out><![CDATA[Atlas Editor console log having......
Number of SEVERE-level logs: 5
Level is : 
SEVERE
Message is : 
https://apollo2.humanbrain.in/dgx/getRegionData/ - Failed to load resource: the server responded with a status of 422 (Unprocessable Entity)
Level is : 
SEVERE
Message is : 
https://apollo2.humanbrain.in/viewer/8-es2015.48fbf7e5f05e04f6b207.js 0:2266785 "HTTP ERROR:" S
Level is : 
SEVERE
Message is : 
https://apollo2.humanbrain.in/viewer/8-es2015.48fbf7e5f05e04f6b207.js 0:2755261 "API Error:" S
Level is : 
SEVERE
Message is : 
https://apollo2.humanbrain.in/viewer/main-es2015.13ae1a3f2dd7737322b5.js 0:1118876 "ERROR" S
Level is : 
SEVERE
Message is : 
https://apollo2.humanbrain.in/viewer/8-es2015.48fbf7e5f05e04f6b207.js 0:2435379 "No section details got"
]]></system-out>
  </testcase>
  <testcase name="Registration_Consolelog" classname="Error.Console_log.ConsolelTest" time="8.586">
    <failure message="SEVERE logs were found in the console. expected [0] but found [9]" type="java.lang.AssertionError"><![CDATA[java.lang.AssertionError: SEVERE logs were found in the console. expected [0] but found [9]
	at Error.Console_log.ConsolelTest.Consolelog(ConsolelTest.java:147)
	at Error.Console_log.ConsolelTest.Registration_Consolelog(ConsolelTest.java:113)
]]></failure>
    <system-out><![CDATA[Registration console log having......
Number of SEVERE-level logs: 9
Level is : 
SEVERE
Message is : 
https://apollo2.humanbrain.in/dgx/getRegionData/ - Failed to load resource: the server responded with a status of 422 (Unprocessable Entity)
Level is : 
SEVERE
Message is : 
https://apollo2.humanbrain.in/viewer/8-es2015.48fbf7e5f05e04f6b207.js 0:2266785 "HTTP ERROR:" S
Level is : 
SEVERE
Message is : 
https://apollo2.humanbrain.in/viewer/8-es2015.48fbf7e5f05e04f6b207.js 0:2755261 "API Error:" S
Level is : 
SEVERE
Message is : 
https://apollo2.humanbrain.in/viewer/main-es2015.13ae1a3f2dd7737322b5.js 0:1118876 "ERROR" S
Level is : 
SEVERE
Message is : 
https://apollo2.humanbrain.in/dgx/getRegionData/ - Failed to load resource: the server responded with a status of 500 (Internal Server Error)
Level is : 
SEVERE
Message is : 
https://apollo2.humanbrain.in/viewer/8-es2015.48fbf7e5f05e04f6b207.js 0:2266785 "HTTP ERROR:" S
Level is : 
SEVERE
Message is : 
https://apollo2.humanbrain.in/viewer/8-es2015.48fbf7e5f05e04f6b207.js 0:2755261 "API Error:" S
Level is : 
SEVERE
Message is : 
https://apollo2.humanbrain.in/viewer/main-es2015.13ae1a3f2dd7737322b5.js 0:1118876 "ERROR" S
Level is : 
SEVERE
Message is : 
https://apollo2.humanbrain.in/viewer/8-es2015.48fbf7e5f05e04f6b207.js 0:2435379 "No section details got"
]]></system-out>
  </testcase>
  <testcase name="Cellannotation_Consolelog" classname="Error.Console_log.ConsolelTest" time="6.017">
    <failure message="SEVERE logs were found in the console. expected [0] but found [5]" type="java.lang.AssertionError"><![CDATA[java.lang.AssertionError: SEVERE logs were found in the console. expected [0] but found [5]
	at Error.Console_log.ConsolelTest.Consolelog(ConsolelTest.java:147)
	at Error.Console_log.ConsolelTest.Cellannotation_Consolelog(ConsolelTest.java:124)
]]></failure>
    <system-out><![CDATA[Cell annotation console log having......
Number of SEVERE-level logs: 5
Level is : 
SEVERE
Message is : 
https://apollo2.humanbrain.in/dgx/getRegionData/ - Failed to load resource: the server responded with a status of 422 (Unprocessable Entity)
Level is : 
SEVERE
Message is : 
https://apollo2.humanbrain.in/viewer/8-es2015.48fbf7e5f05e04f6b207.js 0:2266785 "HTTP ERROR:" S
Level is : 
SEVERE
Message is : 
https://apollo2.humanbrain.in/viewer/8-es2015.48fbf7e5f05e04f6b207.js 0:2755261 "API Error:" S
Level is : 
SEVERE
Message is : 
https://apollo2.humanbrain.in/viewer/main-es2015.13ae1a3f2dd7737322b5.js 0:1118876 "ERROR" S
Level is : 
SEVERE
Message is : 
https://apollo2.humanbrain.in/viewer/8-es2015.48fbf7e5f05e04f6b207.js 0:2435379 "No section details got"
]]></system-out>
  </testcase>
</testsuite>